<?xml version="1.0" encoding="UTF-8"?>
<!-- Generated by org.testng.reporters.JUnitXMLReporter -->
<testsuite ignored="1" hostname="DESKTOP-KJ2AQ4I" failures="0" tests="6" name="Default test" time="378.647" errors="0" timestamp="2022-12-11T22:26:53 IST">
  <testcase classname="Khan_Hybrid.Khan_Acadamey" name="Signin" time="49.46"/>
  <testcase classname="Khan_Hybrid.Khan_Acadamey" name="selectLanguage" time="23.034"/>
  <testcase classname="Khan_Hybrid.Khan_Acadamey" name="explore1" time="33.954"/>
  <testcase classname="Khan_Hybrid.Khan_Acadamey" name="Addbookmarks" time="49.931"/>
  <testcase classname="Khan_Hybrid.Khan_Acadamey" name="deletebookmark" time="22.541"/>
  <testcase classname="Khan_Hybrid.Khan_Acadamey" name="sharevedio1" time="184.251"/>
  <testcase classname="Khan_Hybrid.Khan_Acadamey" name="sharevedio" time="0.0">
    <ignored/>
  </testcase> <!-- sharevedio -->
</testsuite> <!-- Default test -->
